<?xml version="1.0" encoding="UTF-8"?>
<testsuite xmlns:xsi="http://www.w3.org/2001/XMLSchema-instance" xsi:noNamespaceSchemaLocation="https://maven.apache.org/surefire/maven-surefire-plugin/xsd/surefire-test-report-3.0.xsd" version="3.0" name="TestSuite" time="1.001" tests="15" errors="0" skipped="12" failures="3">
  <properties>
[...]
</properties>
  <testcase name="setUp" classname="home.TestDropDownMenu" time="0.582">
    <failure message="&#10;Parameter &apos;useCloudEnv&apos; is required by BeforeMethod on method setUp but has not been marked @Optional or defined&#10;" type="org.testng.TestNGException">org.testng.TestNGException: 

Parameter 'useCloudEnv' is required by BeforeMethod on method setUp but has not been marked @Optional or defined

</failure>
    <system-out><![CDATA[Extent Report Directory/Users/rejuanaahmed/IdeaProjects/WebAutomation2022/Amazon/target/surefire-reports/html
]]></system-out>
    <system-err><![CDATA[SLF4J: Failed to load class "org.slf4j.impl.StaticLoggerBinder".
SLF4J: Defaulting to no-operation (NOP) logger implementation
SLF4J: See http://www.slf4j.org/codes.html#StaticLoggerBinder for further details.
Feb 19, 2022 9:54:13 PM com.relevantcodes.extentreports.ExtentReports loadConfig
WARNING: Unable to perform report configuration. The file /Users/rejuanaahmed/IdeaProjects/WebAutomation2022/Amazon/report-config.xml was not found.
]]></system-err>
  </testcase>
  <testcase name="startExtent" classname="home.TestDropDownMenu" time="0">
    <skipped/>
  </testcase>
  <testcase name="dropDown" classname="home.TestDropDownMenu" time="0">
    <skipped message="&#10;Parameter &apos;useCloudEnv&apos; is required by BeforeMethod on method setUp but has not been marked @Optional or defined&#10;"/>
  </testcase>
  <testcase name="afterEachTestMethod" classname="home.TestDropDownMenu" time="0">
    <skipped/>
  </testcase>
  <testcase name="cleanUP" classname="home.TestDropDownMenu" time="0">
    <skipped/>
  </testcase>
  <testcase name="setUp" classname="home.TestSearch" time="0.005">
    <failure message="&#10;Parameter &apos;useCloudEnv&apos; is required by BeforeMethod on method setUp but has not been marked @Optional or defined&#10;" type="org.testng.TestNGException">org.testng.TestNGException: 

Parameter 'useCloudEnv' is required by BeforeMethod on method setUp but has not been marked @Optional or defined

</failure>
  </testcase>
  <testcase name="startExtent" classname="home.TestSearch" time="0">
    <skipped/>
  </testcase>
  <testcase name="testSearchAmazonProducts" classname="home.TestSearch" time="0">
    <skipped message="&#10;Parameter &apos;useCloudEnv&apos; is required by BeforeMethod on method setUp but has not been marked @Optional or defined&#10;"/>
  </testcase>
  <testcase name="afterEachTestMethod" classname="home.TestSearch" time="0">
    <skipped/>
  </testcase>
  <testcase name="cleanUP" classname="home.TestSearch" time="0">
    <skipped/>
  </testcase>
  <testcase name="setUp" classname="home.TestPageTitle" time="0.002">
    <failure message="&#10;Parameter &apos;useCloudEnv&apos; is required by BeforeMethod on method setUp but has not been marked @Optional or defined&#10;" type="org.testng.TestNGException">org.testng.TestNGException: 

Parameter 'useCloudEnv' is required by BeforeMethod on method setUp but has not been marked @Optional or defined

</failure>
  </testcase>
  <testcase name="startExtent" classname="home.TestPageTitle" time="0">
    <skipped/>
  </testcase>
  <testcase name="pageTitle" classname="home.TestPageTitle" time="0">
    <skipped message="&#10;Parameter &apos;useCloudEnv&apos; is required by BeforeMethod on method setUp but has not been marked @Optional or defined&#10;"/>
  </testcase>
  <testcase name="afterEachTestMethod" classname="home.TestPageTitle" time="0">
    <skipped/>
  </testcase>
  <testcase name="cleanUP" classname="home.TestPageTitle" time="0">
    <skipped/>
  </testcase>
</testsuite>