<?xml version="1.0" encoding="UTF-8"?>
<testng-results skipped="0" failed="0" ignored="0" total="1" passed="1">
  <reporter-output>
  </reporter-output>
  <suite name="NYP Test Automation Script" duration-ms="26342" started-at="2022-01-19T22:30:36 EST" finished-at="2022-01-19T22:31:02 EST">
    <groups>
    </groups>
    <test name="NYP Home" duration-ms="26342" started-at="2022-01-19T22:30:36 EST" finished-at="2022-01-19T22:31:02 EST">
      <class name="nyphome.NYPLandingPage">
        <test-method status="PASS" signature="launchBrowserInstance(java.lang.String)[pri:0, instance:nyphome.NYPLandingPage@7791a895]" name="launchBrowserInstance" is-config="true" duration-ms="24661" started-at="2022-01-19T22:30:36 EST" finished-at="2022-01-19T22:31:01 EST">
          <params>
            <param index="0">
              <value>
                <![CDATA[https://nypost.com]]>
              </value>
            </param>
          </params>
          <reporter-output>
          </reporter-output>
        </test-method> <!-- launchBrowserInstance -->
        <test-method status="PASS" signature="getHomePage()[pri:0, instance:nyphome.NYPLandingPage@7791a895]" name="getHomePage" duration-ms="1051" started-at="2022-01-19T22:31:01 EST" finished-at="2022-01-19T22:31:02 EST">
          <reporter-output>
          </reporter-output>
        </test-method> <!-- getHomePage -->
        <test-method status="PASS" signature="cleanUP()[pri:0, instance:nyphome.NYPLandingPage@7791a895]" name="cleanUP" is-config="true" duration-ms="570" started-at="2022-01-19T22:31:02 EST" finished-at="2022-01-19T22:31:02 EST">
          <reporter-output>
          </reporter-output>
        </test-method> <!-- cleanUP -->
      </class> <!-- nyphome.NYPLandingPage -->
    </test> <!-- NYP Home -->
  </suite> <!-- NYP Test Automation Script -->
</testng-results>
